2024-06-13 06:36:10,153.generate_trailer_data.INFO ==================================================
2024-06-13 06:36:10,153.generate_trailer_data.INFO Today is 2024-06-13 at 06:36 AM
2024-06-13 06:36:10,154.generate_trailer_data.INFO Running on: nt Windows 11
2024-06-13 06:36:10,154.generate_trailer_data.INFO Python version:  3.12.1
2024-06-13 06:36:10,155.generate_trailer_data.INFO Python path: C:\MS\data_analytics\github\44671_DataStreaming\Steaming-07-trailer-tracking\.venv
2024-06-13 06:36:10,155.generate_trailer_data.INFO Working dir: C:\MS\data_analytics\github\44671_DataStreaming\Steaming-07-trailer-tracking
2024-06-13 06:36:10,156.generate_trailer_data.INFO ==================================================
2024-06-13 06:36:10,230.generate_trailer_data.INFO Data generated for number_of_trailers entered : 10
2024-06-13 06:36:10,253.generate_trailer_data.INFO Data generated by Faker : {'trailer_id': 5117, 'location': 'East Nicholas', 'status': 'arriving', 'arrival_timestamp': '2024-06-12T12:29:44', 'departure_timestamp': None, 'temperature': 24.62}
2024-06-13 06:36:10,255.generate_trailer_data.INFO JSON data :{"trailer_id": 5117, "location": "East Nicholas", "status": "arriving", "arrival_timestamp": "2024-06-12T12:29:44", "departure_timestamp": null, "temperature": 24.62} sent to Queue: arriving_queue 
2024-06-13 06:36:15,257.generate_trailer_data.INFO Data generated by Faker : {'trailer_id': 7801, 'location': 'Chelseyfort', 'status': 'arrived', 'arrival_timestamp': '2024-06-12T07:43:35', 'departure_timestamp': None, 'temperature': -5.14}
2024-06-13 06:36:15,260.generate_trailer_data.INFO JSON data :{"trailer_id": 7801, "location": "Chelseyfort", "status": "arrived", "arrival_timestamp": "2024-06-12T07:43:35", "departure_timestamp": null, "temperature": -5.14} sent to Queue: arrived_queue 
2024-06-13 06:36:20,262.generate_trailer_data.INFO Data generated by Faker : {'trailer_id': 6891, 'location': 'Port Tiffany', 'status': 'in transit', 'arrival_timestamp': None, 'departure_timestamp': None, 'temperature': 4.07}
2024-06-13 06:36:20,264.generate_trailer_data.INFO JSON data :{"trailer_id": 6891, "location": "Port Tiffany", "status": "in transit", "arrival_timestamp": null, "departure_timestamp": null, "temperature": 4.07} sent to Queue: in_transit_queue 
2024-06-13 06:36:25,265.generate_trailer_data.INFO Data generated by Faker : {'trailer_id': 2684, 'location': 'Lindashire', 'status': 'in transit', 'arrival_timestamp': None, 'departure_timestamp': None, 'temperature': 5.66}
2024-06-13 06:36:25,268.generate_trailer_data.INFO JSON data :{"trailer_id": 2684, "location": "Lindashire", "status": "in transit", "arrival_timestamp": null, "departure_timestamp": null, "temperature": 5.66} sent to Queue: in_transit_queue 
2024-06-13 06:36:30,270.generate_trailer_data.INFO Data generated by Faker : {'trailer_id': 8505, 'location': 'Rhodesbury', 'status': 'idle', 'arrival_timestamp': '2024-06-11T08:33:08', 'departure_timestamp': None, 'temperature': -3.8}
2024-06-13 06:36:30,273.generate_trailer_data.INFO JSON data :{"trailer_id": 8505, "location": "Rhodesbury", "status": "idle", "arrival_timestamp": "2024-06-11T08:33:08", "departure_timestamp": null, "temperature": -3.8} sent to Queue: idle_queue 
2024-06-13 06:36:35,277.generate_trailer_data.INFO Data generated by Faker : {'trailer_id': 3879, 'location': 'New Lisa', 'status': 'idle', 'arrival_timestamp': '2024-06-11T14:39:25', 'departure_timestamp': None, 'temperature': 1.53}
2024-06-13 06:36:35,282.generate_trailer_data.INFO JSON data :{"trailer_id": 3879, "location": "New Lisa", "status": "idle", "arrival_timestamp": "2024-06-11T14:39:25", "departure_timestamp": null, "temperature": 1.53} sent to Queue: idle_queue 
2024-06-13 06:36:40,285.generate_trailer_data.INFO Data generated by Faker : {'trailer_id': 7185, 'location': 'Elizabethberg', 'status': 'idle', 'arrival_timestamp': '2024-06-12T05:48:54', 'departure_timestamp': None, 'temperature': 6.68}
2024-06-13 06:36:40,290.generate_trailer_data.INFO JSON data :{"trailer_id": 7185, "location": "Elizabethberg", "status": "idle", "arrival_timestamp": "2024-06-12T05:48:54", "departure_timestamp": null, "temperature": 6.68} sent to Queue: idle_queue 
2024-06-13 06:36:45,294.generate_trailer_data.INFO Data generated by Faker : {'trailer_id': 1553, 'location': 'Navarroshire', 'status': 'arrived', 'arrival_timestamp': '2024-06-13T06:29:42', 'departure_timestamp': None, 'temperature': 20.29}
2024-06-13 06:36:45,300.generate_trailer_data.INFO JSON data :{"trailer_id": 1553, "location": "Navarroshire", "status": "arrived", "arrival_timestamp": "2024-06-13T06:29:42", "departure_timestamp": null, "temperature": 20.29} sent to Queue: arrived_queue 
2024-06-13 06:36:50,304.generate_trailer_data.INFO Data generated by Faker : {'trailer_id': 4319, 'location': 'Seanhaven', 'status': 'in transit', 'arrival_timestamp': None, 'departure_timestamp': None, 'temperature': 20.33}
2024-06-13 06:36:50,305.generate_trailer_data.INFO JSON data :{"trailer_id": 4319, "location": "Seanhaven", "status": "in transit", "arrival_timestamp": null, "departure_timestamp": null, "temperature": 20.33} sent to Queue: in_transit_queue 
2024-06-13 06:36:55,308.generate_trailer_data.INFO Data generated by Faker : {'trailer_id': 4316, 'location': 'Port Loretta', 'status': 'in transit', 'arrival_timestamp': None, 'departure_timestamp': None, 'temperature': 25.87}
2024-06-13 06:36:55,311.generate_trailer_data.INFO JSON data :{"trailer_id": 4316, "location": "Port Loretta", "status": "in transit", "arrival_timestamp": null, "departure_timestamp": null, "temperature": 25.87} sent to Queue: in_transit_queue 
